<?xml version="1.0" encoding="UTF-8"?>
<!-- Generated by org.testng.reporters.JUnitXMLReporter -->
<testsuite hostname="KarthickRagul-Laptop" ignored="0" name="Functional Testing" tests="17" failures="0" timestamp="2021-10-31T18:36:16 IST" time="289.636" errors="0">
  <testcase name="Fliter" time="23.945" classname="com.qa.testscripts.TC_ValidateShopCluesFilters"/>
  <testcase name="Fliter" time="24.541" classname="com.qa.testscripts.TC_ValidateShopCluesFilters"/>
  <testcase name="getLinks" time="11.484" classname="com.qa.testscripts.TC_ValidateShopCluesHyperLinks"/>
  <testcase name="getLocationPinCode" time="10.484" classname="com.qa.testscripts.TC_ValidateShopCluesLocationField"/>
  <testcase name="getLocationPinCode" time="10.569" classname="com.qa.testscripts.TC_ValidateShopCluesLocationField"/>
  <testcase name="getLocationPinCode" time="10.419" classname="com.qa.testscripts.TC_ValidateShopCluesLocationField"/>
  <testcase name="getLocationPinCode" time="10.515" classname="com.qa.testscripts.TC_ValidateShopCluesLocationField"/>
  <testcase name="getLocationPinCode" time="5.31" classname="com.qa.testscripts.TC_ValidateShopCluesLocationField"/>
  <testcase name="getLocationPinCode" time="5.31" classname="com.qa.testscripts.TC_ValidateShopCluesLocationField"/>
  <testcase name="getLocationPinCode" time="5.283" classname="com.qa.testscripts.TC_ValidateShopCluesLocationField"/>
  <testcase name="Search" time="33.178" classname="com.qa.testscripts.TC_ValidateShopCluesSearchAndAddtoCart"/>
  <testcase name="Search" time="47.14" classname="com.qa.testscripts.TC_ValidateShopCluesSearchAndAddtoCart"/>
  <testcase name="ValidateSearchItem" time="10.196" classname="com.qa.testscripts.TC_ValidateShopCluesSearch"/>
  <testcase name="ValidateSearchItem" time="8.781" classname="com.qa.testscripts.TC_ValidateShopCluesSearch"/>
  <testcase name="ValidateSearchItem" time="7.705" classname="com.qa.testscripts.TC_ValidateShopCluesSearch"/>
  <testcase name="ValidateSearchItem" time="8.331" classname="com.qa.testscripts.TC_ValidateShopCluesSearch"/>
  <testcase name="ValidateSearchItem" time="9.344" classname="com.qa.testscripts.TC_ValidateShopCluesSearch"/>
</testsuite> <!-- Functional Testing -->
