<?xml version="1.0" encoding="UTF-8"?>
<testng-results skipped="0" failed="0" ignored="0" total="17" passed="17">
  <reporter-output>
    <line>
      <![CDATA[Suggestions are : ]]>
    </line>
    <line>
      <![CDATA[mobiles in Feature Phones
mobiles 4g in Smartphones
mobiles below 500
mobiles under 5000
mobiles under 2000 screen touch phone
Mobiles phones under 500
mobiles 4g 64gb 4gb ram lowest price
Mobiles 4gb ram and 64gb rom dual volty
mobiles under 7000 with 3gb ram and finger
mobiles having finger print scanner]]>
    </line>
    <line>
      <![CDATA[https://www.shopclues.com/search?q=Mobiles&sc_z=4444&z=0&shopClues_surety[]=1&by_combo[]=2356745&fsrc=shopClues_surety,by_combo]]>
    </line>
    <line>
      <![CDATA[The url contains the filters]]>
    </line>
    <line>
      <![CDATA[Suggestions are : ]]>
    </line>
    <line>
      <![CDATA[laptop in Laptops
laptop bags in Laptop Bags
laptop skin
Laptop bag
laptop speaker
Laptop covers,key guard and screen protector for 14inch
laptop screen guard for 15.6 laptop
laptop back cover
laptops in laptops below 15000
Laptop 4gb ram 500gb internal low new price]]>
    </line>
    <line>
      <![CDATA[https://www.shopclues.com/search?q=Laptop&sc_z=4444&z=0&shopClues_surety[]=1&by_combo[]=2356745&fsrc=shopClues_surety,by_combo]]>
    </line>
    <line>
      <![CDATA[The url contains the filters]]>
    </line>
    <line>
      <![CDATA[Total No.of Links Present : 312]]>
    </line>
    <line>
      <![CDATA[Links are:]]>
    </line>
    <line>
      <![CDATA[Sell With Us]]>
    </line>
    <line>
      <![CDATA[Call Us]]>
    </line>
    <line>
      <![CDATA[Search]]>
    </line>
    <line>
      <![CDATA[Sign In]]>
    </line>
    <line>
      <![CDATA[Location]]>
    </line>
    <line>
      <![CDATA[MOBILES & MORE]]>
    </line>
    <line>
      <![CDATA[MEN]]>
    </line>
    <line>
      <![CDATA[WOMEN]]>
    </line>
    <line>
      <![CDATA[HOME & KITCHEN]]>
    </line>
    <line>
      <![CDATA[APPLIANCES]]>
    </line>
    <line>
      <![CDATA[SPORTS & MORE]]>
    </line>
    <line>
      <![CDATA[ESSENTIALS]]>
    </line>
    <line>
      <![CDATA[OFFERS]]>
    </line>
    <line>
      <![CDATA[GLOBAL SHOPPING]]>
    </line>
    <line>
      <![CDATA[Time Sale]]>
    </line>
    <line>
      <![CDATA[Flu Care]]>
    </line>
    <line>
      <![CDATA[Food & Beverage]]>
    </line>
    <line>
      <![CDATA[Personal Hygiene]]>
    </line>
    <line>
      <![CDATA[Home Cleaning]]>
    </line>
    <line>
      <![CDATA[Nutrition & Supplements]]>
    </line>
    <line>
      <![CDATA[Kitchen & Dining]]>
    </line>
    <line>
      <![CDATA[Refurbished Mobiles]]>
    </line>
    <line>
      <![CDATA[Mobile Accessories]]>
    </line>
    <line>
      <![CDATA[Sunday Flea
Market]]>
    </line>
    <line>
      <![CDATA[Prime
Mall]]>
    </line>
    <line>
      <![CDATA[Stunning Home
Interiors]]>
    </line>
    <line>
      <![CDATA[Spain Style
Men's Footwear]]>
    </line>
    <line>
      <![CDATA[Happy
Easy Go]]>
    </line>
    <line>
      <![CDATA[See More]]>
    </line>
    <line>
      <![CDATA[Easy Returns & Replacement]]>
    </line>
    <line>
      <![CDATA[Sign In/Register]]>
    </line>
    <line>
      <![CDATA[Our Policies]]>
    </line>
    <line>
      <![CDATA[CluesBucks]]>
    </line>
    <line>
      <![CDATA[Payment Options]]>
    </line>
    <line>
      <![CDATA[ShopClues Surety]]>
    </line>
    <line>
      <![CDATA[FAQs (Help)]]>
    </line>
    <line>
      <![CDATA[Service Centers]]>
    </line>
    <line>
      <![CDATA[User Agreement]]>
    </line>
    <line>
      <![CDATA[Refer & Earn]]>
    </line>
    <line>
      <![CDATA[Merchant Panel]]>
    </line>
    <line>
      <![CDATA[How To Sell]]>
    </line>
    <line>
      <![CDATA[Commission Structure]]>
    </line>
    <line>
      <![CDATA[Fullfillment Policy]]>
    </line>
    <line>
      <![CDATA[Policies & Rules]]>
    </line>
    <line>
      <![CDATA[User Agreement]]>
    </line>
    <line>
      <![CDATA[Testimonials]]>
    </line>
    <line>
      <![CDATA[Seller Summit]]>
    </line>
    <line>
      <![CDATA[Merchant Blog]]>
    </line>
    <line>
      <![CDATA[Developer Resources]]>
    </line>
    <line>
      <![CDATA[About Us]]>
    </line>
    <line>
      <![CDATA[History]]>
    </line>
    <line>
      <![CDATA[Band of Trust]]>
    </line>
    <line>
      <![CDATA[Brand Guidelines]]>
    </line>
    <line>
      <![CDATA[TV Commercials]]>
    </line>
    <line>
      <![CDATA[In the News]]>
    </line>
    <line>
      <![CDATA[Awards]]>
    </line>
    <line>
      <![CDATA[Careers]]>
    </line>
    <line>
      <![CDATA[Blog]]>
    </line>
    <line>
      <![CDATA[Merchant Support]]>
    </line>
    <line>
      <![CDATA[Bulk Orders]]>
    </line>
    <line>
      <![CDATA[Press]]>
    </line>
    <line>
      <![CDATA[In the News]]>
    </line>
    <line>
      <![CDATA[Mobile & Tablets:]]>
    </line>
    <line>
      <![CDATA[Android Phones]]>
    </line>
    <line>
      <![CDATA[Smartphones]]>
    </line>
    <line>
      <![CDATA[Feature Phones]]>
    </line>
    <line>
      <![CDATA[Unboxed Phones]]>
    </line>
    <line>
      <![CDATA[Refurbished Phones]]>
    </line>
    <line>
      <![CDATA[Tablets]]>
    </line>
    <line>
      <![CDATA[CDMA Phones]]>
    </line>
    <line>
      <![CDATA[Value Added Services]]>
    </line>
    <line>
      <![CDATA[Sell Old/ Used Mobiles]]>
    </line>
    <line>
      <![CDATA[Computers:]]>
    </line>
    <line>
      <![CDATA[Laptops]]>
    </line>
    <line>
      <![CDATA[Printers]]>
    </line>
    <line>
      <![CDATA[Routers]]>
    </line>
    <line>
      <![CDATA[Ink & Toner Cartridges]]>
    </line>
    <line>
      <![CDATA[Monitors]]>
    </line>
    <line>
      <![CDATA[Video Games]]>
    </line>
    <line>
      <![CDATA[Unboxed & Refurbished Laptops]]>
    </line>
    <line>
      <![CDATA[Assembled Desktops]]>
    </line>
    <line>
      <![CDATA[Data Cards]]>
    </line>
    <line>
      <![CDATA[TV, Audio & Large Appliances:]]>
    </line>
    <line>
      <![CDATA[TVs & DTH]]>
    </line>
    <line>
      <![CDATA[Home Theatre Systems]]>
    </line>
    <line>
      <![CDATA[Hidden Cameras & CCTVs]]>
    </line>
    <line>
      <![CDATA[Refrigerators]]>
    </line>
    <line>
      <![CDATA[Washing Machines]]>
    </line>
    <line>
      <![CDATA[Air Conditioners]]>
    </line>
    <line>
      <![CDATA[Cameras]]>
    </line>
    <line>
      <![CDATA[Speakers]]>
    </line>
    <line>
      <![CDATA[Mobile & Laptop Accessories:]]>
    </line>
    <line>
      <![CDATA[Headphones]]>
    </line>
    <line>
      <![CDATA[Power Banks]]>
    </line>
    <line>
      <![CDATA[Backpacks]]>
    </line>
    <line>
      <![CDATA[Mobile Cases & Covers]]>
    </line>
    <line>
      <![CDATA[Pen Drives]]>
    </line>
    <line>
      <![CDATA[External Hard Disks]]>
    </line>
    <line>
      <![CDATA[Mouse]]>
    </line>
    <line>
      <![CDATA[Smart Watches & Fitness Bands]]>
    </line>
    <line>
      <![CDATA[MicroSD Cards]]>
    </line>
    <line>
      <![CDATA[Appliances:]]>
    </line>
    <line>
      <![CDATA[Trimmers]]>
    </line>
    <line>
      <![CDATA[Hair Dryers]]>
    </line>
    <line>
      <![CDATA[Emergency Lights]]>
    </line>
    <line>
      <![CDATA[Water Purifiers]]>
    </line>
    <line>
      <![CDATA[Electric Kettles]]>
    </line>
    <line>
      <![CDATA[Hair Straighteners]]>
    </line>
    <line>
      <![CDATA[Induction Cooktops]]>
    </line>
    <line>
      <![CDATA[Sewing Machines]]>
    </line>
    <line>
      <![CDATA[Geysers]]>
    </line>
    <line>
      <![CDATA[Home & Kitchen:]]>
    </line>
    <line>
      <![CDATA[Bedsheets]]>
    </line>
    <line>
      <![CDATA[Hardware & Sanitaryware]]>
    </line>
    <line>
      <![CDATA[Towels, Bath Linens]]>
    </line>
    <line>
      <![CDATA[Furniture]]>
    </line>
    <line>
      <![CDATA[Cookware]]>
    </line>
    <line>
      <![CDATA[Kitchen Tools]]>
    </line>
    <line>
      <![CDATA[Home Cleaning Utilities]]>
    </line>
    <line>
      <![CDATA[Doormats]]>
    </line>
    <line>
      <![CDATA[Curtains]]>
    </line>
    <line>
      <![CDATA[Gardening Essentials]]>
    </line>
    <line>
      <![CDATA[Fashion:]]>
    </line>
    <line>
      <![CDATA[Women's Clothing]]>
    </line>
    <line>
      <![CDATA[Men's Clothing]]>
    </line>
    <line>
      <![CDATA[Women's Ethnic Wear]]>
    </line>
    <line>
      <![CDATA[Men's Fashion Accessories]]>
    </line>
    <line>
      <![CDATA[Sports Wear]]>
    </line>
    <line>
      <![CDATA[Western Wear]]>
    </line>
    <line>
      <![CDATA[Handbags & Wallets, Clutches]]>
    </line>
    <line>
      <![CDATA[Handbags]]>
    </line>
    <line>
      <![CDATA[Sarees]]>
    </line>
    <line>
      <![CDATA[T-Shirts]]>
    </line>
    <line>
      <![CDATA[Lingerie & Sleep Wear]]>
    </line>
    <line>
      <![CDATA[Footwear:]]>
    </line>
    <line>
      <![CDATA[Men's Sports Shoes]]>
    </line>
    <line>
      <![CDATA[Men's Slippers]]>
    </line>
    <line>
      <![CDATA[Casual Shoes]]>
    </line>
    <line>
      <![CDATA[Sandals & Floaters]]>
    </line>
    <line>
      <![CDATA[Formal Shoes]]>
    </line>
    <line>
      <![CDATA[Women Flats]]>
    </line>
    <line>
      <![CDATA[Ballerinas]]>
    </line>
    <line>
      <![CDATA[Loafers]]>
    </line>
    <line>
      <![CDATA[Boots]]>
    </line>
    <line>
      <![CDATA[Shoe Care & Accessories]]>
    </line>
    <line>
      <![CDATA[Travel & Luggage:]]>
    </line>
    <line>
      <![CDATA[Duffle Bags]]>
    </line>
    <line>
      <![CDATA[Laptop Bags]]>
    </line>
    <line>
      <![CDATA[Travel Pouches]]>
    </line>
    <line>
      <![CDATA[Backpacks]]>
    </line>
    <line>
      <![CDATA[Suitcases & Trolleys]]>
    </line>
    <line>
      <![CDATA[Travel Accessories]]>
    </line>
    <line>
      <![CDATA[Gym Bags]]>
    </line>
    <line>
      <![CDATA[Messenger Bags]]>
    </line>
    <line>
      <![CDATA[School Bags]]>
    </line>
    <line>
      <![CDATA[Safety Locks]]>
    </line>
    <line>
      <![CDATA[Jewelry & Watches:]]>
    </line>
    <line>
      <![CDATA[Coins & Bars]]>
    </line>
    <line>
      <![CDATA[Men's Watches]]>
    </line>
    <line>
      <![CDATA[Women's Watches]]>
    </line>
    <line>
      <![CDATA[Necklaces Sets]]>
    </line>
    <line>
      <![CDATA[Fashion Jewelry]]>
    </line>
    <line>
      <![CDATA[Pendants and Lockets]]>
    </line>
    <line>
      <![CDATA[Earrings]]>
    </line>
    <line>
      <![CDATA[Rings]]>
    </line>
    <line>
      <![CDATA[Jewelry Boxes]]>
    </line>
    <line>
      <![CDATA[Kid's Watches]]>
    </line>
    <line>
      <![CDATA[Automotive:]]>
    </line>
    <line>
      <![CDATA[Bike Accessories / Tools]]>
    </line>
    <line>
      <![CDATA[Car Cleaning Aids]]>
    </line>
    <line>
      <![CDATA[Helmets]]>
    </line>
    <line>
      <![CDATA[Bike Body Covers]]>
    </line>
    <line>
      <![CDATA[Car Accessories / Tools]]>
    </line>
    <line>
      <![CDATA[Riding Gloves]]>
    </line>
    <line>
      <![CDATA[Car Perfumes]]>
    </line>
    <line>
      <![CDATA[Car Scratch Removers]]>
    </line>
    <line>
      <![CDATA[Car Audio | Video]]>
    </line>
    <line>
      <![CDATA[Bike Alarms]]>
    </line>
    <line>
      <![CDATA[Toys, Baby & Kids :]]>
    </line>
    <line>
      <![CDATA[Diapers]]>
    </line>
    <line>
      <![CDATA[Educational Toys]]>
    </line>
    <line>
      <![CDATA[Kid's Footwear]]>
    </line>
    <line>
      <![CDATA[Remote Controlled Toys]]>
    </line>
    <line>
      <![CDATA[Soft Toys]]>
    </line>
    <line>
      <![CDATA[Party Supplies]]>
    </line>
    <line>
      <![CDATA[Cubes]]>
    </line>
    <line>
      <![CDATA[Maternity Care]]>
    </line>
    <line>
      <![CDATA[Kid's Apparel]]>
    </line>
    <line>
      <![CDATA[Gourmet & Daily Needs :]]>
    </line>
    <line>
      <![CDATA[Office Supplies]]>
    </line>
    <line>
      <![CDATA[Pet Supplies]]>
    </line>
    <line>
      <![CDATA[Books]]>
    </line>
    <line>
      <![CDATA[Namkeen]]>
    </line>
    <line>
      <![CDATA[Stationery]]>
    </line>
    <line>
      <![CDATA[Pens & Markers]]>
    </line>
    <line>
      <![CDATA[Tea & Coffee]]>
    </line>
    <line>
      <![CDATA[Chocolates & Candies]]>
    </line>
    <line>
      <![CDATA[Indian Sweets]]>
    </line>
    <line>
      <![CDATA[Gifts]]>
    </line>
    <line>
      <![CDATA[Sports and Health]]>
    </line>
    <line>
      <![CDATA[Home Gym Equipment]]>
    </line>
    <line>
      <![CDATA[Exercise Bikes]]>
    </line>
    <line>
      <![CDATA[Gym Accessories]]>
    </line>
    <line>
      <![CDATA[Massagers]]>
    </line>
    <line>
      <![CDATA[Diabetic Care]]>
    </line>
    <line>
      <![CDATA[Cricket]]>
    </line>
    <line>
      <![CDATA[Table Tennis]]>
    </line>
    <line>
      <![CDATA[Beauty & Perfumes:]]>
    </line>
    <line>
      <![CDATA[Grooming Essentials]]>
    </line>
    <line>
      <![CDATA[Deodorants]]>
    </line>
    <line>
      <![CDATA[Men's Perfumes]]>
    </line>
    <line>
      <![CDATA[Hair Care]]>
    </line>
    <line>
      <![CDATA[Women's Perfumes]]>
    </line>
    <line>
      <![CDATA[Face Packs]]>
    </line>
    <line>
      <![CDATA[Oral Care]]>
    </line>
    <line>
      <![CDATA[Herbal Care]]>
    </line>
    <line>
      <![CDATA[Value Combo]]>
    </line>
    <line>
      <![CDATA[Women's Hygiene]]>
    </line>
    <line>
      <![CDATA[Offers & Coupons]]>
    </line>
    <line>
      <![CDATA[Couple Watches]]>
    </line>
    <line>
      <![CDATA[Gas Stoves]]>
    </line>
    <line>
      <![CDATA[Air Coolers]]>
    </line>
    <line>
      <![CDATA[Air Purifiers]]>
    </line>
    <line>
      <![CDATA[Headphones / Mic / Headset]]>
    </line>
    <line>
      <![CDATA[Pressure Cookers]]>
    </line>
    <line>
      <![CDATA[Sandwich Makers]]>
    </line>
    <line>
      <![CDATA[Air Friers / Deep Friers]]>
    </line>
    <line>
      <![CDATA[Irons]]>
    </line>
    <line>
      <![CDATA[LED TV]]>
    </line>
    <line>
      <![CDATA[Men Jackets]]>
    </line>
    <line>
      <![CDATA[Educational Toys]]>
    </line>
    <line>
      <![CDATA[Stabilizers]]>
    </line>
    <line>
      <![CDATA[Heaters]]>
    </line>
    <line>
      <![CDATA[Car Audio Systems]]>
    </line>
    <line>
      <![CDATA[Photo Frames]]>
    </line>
    <line>
      <![CDATA[Men's Shoes]]>
    </line>
    <line>
      <![CDATA[Decorative Lights]]>
    </line>
    <line>
      <![CDATA[Rain Wear]]>
    </line>
    <line>
      <![CDATA[Bedsheets]]>
    </line>
    <line>
      <![CDATA[Top Brands]]>
    </line>
    <line>
      <![CDATA[Refer & Earn]]>
    </line>
    <line>
      <![CDATA[Shopclues Surety Program]]>
    </line>
    <line>
      <![CDATA[Join the Club Now]]>
    </line>
    <line>
      <![CDATA[Privacy Policy]]>
    </line>
    <line>
      <![CDATA[User Agreement]]>
    </line>
    <line>
      <![CDATA[Notes to Security Practices]]>
    </line>
    <line>
      <![CDATA[Labor Compliance]]>
    </line>
    <line>
      <![CDATA[Wall of Fame]]>
    </line>
    <line>
      <![CDATA[Valid pincode]]>
    </line>
    <line>
      <![CDATA[Pincode added Succesfully]]>
    </line>
    <line>
      <![CDATA[Valid pincode]]>
    </line>
    <line>
      <![CDATA[Pincode added Succesfully]]>
    </line>
    <line>
      <![CDATA[Valid pincode]]>
    </line>
    <line>
      <![CDATA[Pincode added Succesfully]]>
    </line>
    <line>
      <![CDATA[Valid pincode]]>
    </line>
    <line>
      <![CDATA[Pincode added Succesfully]]>
    </line>
    <line>
      <![CDATA[Invalid pincode Entered]]>
    </line>
    <line>
      <![CDATA[Invalid pincode Entered]]>
    </line>
    <line>
      <![CDATA[Invalid pincode Entered]]>
    </line>
    <line>
      <![CDATA[Trending Searches
Time Sale
Mobiles
T-Shirts
Headphones
Shoes
Sarees
Shirts
Watches
Bedsheets
Trimmers]]>
    </line>
    <line>
      <![CDATA[Trending searches is displayed]]>
    </line>
    <line>
      <![CDATA[glass top gas stove in Gas Cooktops
glasses eye for night vision in Eyewear
Glass wall mobile pictures stickers in mobile shopping
Glass hookah with flavour coal and Tong by
Glass
Glass and back both in 1oder hoton 9n
Glass and cover combo Asus zenfone max m1
glass drop crystals of chandelier ceiling hanging
glass guard for asus zenfone max pro m2
glass jar with cork glass jar with cork]]>
    </line>
    <line>
      <![CDATA[Suggestions  matches with search item ]]>
    </line>
    <line>
      <![CDATA[Search field is updated with the suggestion text successfully]]>
    </line>
    <line>
      <![CDATA[Shopping jaipur Beautiful Kundan Meenakari Wooden Mobil
₹551 64% Off
₹599 ₹1,549
Free Shipping
TSV YT-1288 Extra Long Selfie For Best Pictures With B
₹576 42% Off
₹597 ₹999
Free Shipping
Indo Digital YT-1288 Extra Long Selfie For Best Picture
₹627 37% Off
₹680 ₹999
Crystal Digital YT-1288 Extra Long Selfie For Best Pict
₹646 35% Off
₹699 ₹999]]>
    </line>
    <line>
      <![CDATA[Correct Item Added to cart]]>
    </line>
    <line>
      <![CDATA[Recent Searches
Clear Search History
glass wall mobile pictures stickers in mobile shopping
Trending Searches
Time Sale
Mobiles
T-Shirts
Headphones
Shoes
Sarees
Shirts
Watches
Bedsheets
Trimmers]]>
    </line>
    <line>
      <![CDATA[Trending searches along with Recent searches  is displayed]]>
    </line>
    <line>
      <![CDATA[watch in Men Watches
watch for men in Men Watches
watches for women
watch combo
watches for boy
watch for girls
Watch mobile
Watch for boys
watch fastrack]]>
    </line>
    <line>
      <![CDATA[Suggestions  matches with search item ]]>
    </line>
    <line>
      <![CDATA[Search field is updated with the suggestion text successfully]]>
    </line>
    <line>
      <![CDATA[Titan Women Black Dial Silver Stainless Steel Analog Wa
₹323 89% Off
₹339 ₹2,999
Free Shipping
Titan Youth Women Round Black Dial Silver Stainless Ste
₹343 82% Off
₹364 ₹1,999
Free Shipping
Titan Youth Analog Black Dial Silver Stainless Steel St
₹368 81% Off
₹389 ₹1,999
Free Shipping
Fastrack Women Analog Watch - NM6078SM01
₹448 77% Off
₹469 ₹1,999
Free Shipping]]>
    </line>
    <line>
      <![CDATA[Correct Item Added to cart]]>
    </line>
    <line>
      <![CDATA[Title loaded is correct]]>
    </line>
    <line>
      <![CDATA[MTR MT310 Dual Sim Feature Phone
₹646 35% Off
₹699 ₹999]]>
    </line>
    <line>
      <![CDATA[I KALL K18 New 24 Inches61cm Display Dual Sim Feature P
₹788 47% Off
₹849 ₹1,499
Free Shipping]]>
    </line>
    <line>
      <![CDATA[MTR MT312 Dual Sim Feature Phone
₹693 76% Off
₹749 ₹2,999]]>
    </line>
    <line>
      <![CDATA[Ikall K3310 1.8 inches (4.57 cm) Dual Sim Mobile Phone
₹570 42% Off
₹599 ₹999]]>
    </line>
    <line>
      <![CDATA[I Kall K31 1.8 inch Dual Sim Feature Phone
₹522 34% Off
₹549 ₹799
Free Shipping]]>
    </line>
    <line>
      <![CDATA[MTR 312 1.8 inches (4.57 cm) Dual Sim Blue Feature Phon
₹646 46% Off
₹699 ₹1,199
Free Shipping]]>
    </line>
    <line>
      <![CDATA[Pear P310 Dual Sim Feature Phone
₹646 52% Off
₹699 ₹1,357
Free Shipping]]>
    </line>
    <line>
      <![CDATA[I Kall K444 24 Inch Dual Sim Feature Phone with Fast Ch
₹855 42% Off
₹899 ₹1,499
Free Shipping]]>
    </line>
    <line>
      <![CDATA[I KALL K75 14 Inch Display Single Sim Feature Phone
₹408 59% Off
₹449 ₹999
Free Shipping]]>
    </line>
    <line>
      <![CDATA[MTR FARARI 2.4 Inches(6.1cm) Display Dual Sim Feature P
₹1,045 47% Off
₹1,199 ₹1,999
Free Shipping]]>
    </line>
    <line>
      <![CDATA[I KALL K6300 New 28 inches 711 cm Display Triple Sim F
₹1,045 47% Off
₹1,199 ₹1,999
Free Shipping]]>
    </line>
    <line>
      <![CDATA[Pear P310 Dual Sim Feature Phone
₹655 34% Off
₹709 ₹999
Free Shipping]]>
    </line>
    <line>
      <![CDATA[Total item:12]]>
    </line>
    <line>
      <![CDATA[Title loaded is correct]]>
    </line>
    <line>
      <![CDATA[Analogue Blue Dial Mens Watch SM30137.03
₹8,800
₹10,000
Free Shipping]]>
    </line>
    <line>
      <![CDATA[Titan Karishma Round Gold Metal Strap Analog Watch For
₹393 86% Off
₹414 ₹2,999
Free Shipping]]>
    </line>
    <line>
      <![CDATA[Fastrack Men Watch - 661
₹373 81% Off
₹394 ₹1,999
Free Shipping]]>
    </line>
    <line>
      <![CDATA[Fastrack Analog Quartz 1474sm01 Silver Dial Rectangle S
₹478 76% Off
₹499 ₹1,999
Free Shipping]]>
    </line>
    <line>
      <![CDATA[Titan Men Classic Analog Watch NH9159SL01
₹438 78% Off
₹459 ₹1,999
Free Shipping]]>
    </line>
    <line>
      <![CDATA[Fastrack Men Analog Silver Dial Watch sky 666
₹448 77% Off
₹469 ₹1,999
Free Shipping]]>
    </line>
    <line>
      <![CDATA[Titan Round Dial Leather Brown Strap Watches Combo For
₹684 72% Off
₹739 ₹2,499
Free Shipping]]>
    </line>
    <line>
      <![CDATA[Fastrack Analog Quartz Silver Dial Rectangle Stainless
₹528 73% Off
₹549 ₹1,999
Free Shipping]]>
    </line>
    <line>
      <![CDATA[Fastrack 3099SL01 Casual Watch For Men
₹475 76% Off
₹519 ₹1,999
Free Shipping]]>
    </line>
    <line>
      <![CDATA[Radius by Smartshop16 Men Round Black Dial Leather Anal
₹98 90% Off
₹99 ₹999
Free Shipping]]>
    </line>
    <line>
      <![CDATA[Titan 9151BM01 Classic Watch For Men
₹703 76% Off
₹759 ₹2,999
Free Shipping]]>
    </line>
    <line>
      <![CDATA[Fastrack 3121SM02 Black Round Dial Silver Stainless Ste
₹513 74% Off
₹559 ₹1,999
Free Shipping]]>
    </line>
    <line>
      <![CDATA[Total item:12]]>
    </line>
    <line>
      <![CDATA[Title loaded is correct]]>
    </line>
    <line>
      <![CDATA[NO RESULT FOUND !]]>
    </line>
    <line>
      <![CDATA[No item found]]>
    </line>
    <line>
      <![CDATA[Title loaded is correct]]>
    </line>
    <line>
      <![CDATA[AD
Aadi Mens Beige Lace-up Outdoor Shoes
₹484 19% Off
₹529 ₹599]]>
    </line>
    <line>
      <![CDATA[Feet First Leather Slip-on Casual Shoes for Men
₹1,090 56% Off
₹1,247 ₹2,499
Free Shipping]]>
    </line>
    <line>
      <![CDATA[Yellow Tree High Quality Gray Casual Shoes
₹498 50% Off
₹544 ₹999]]>
    </line>
    <line>
      <![CDATA[Men's Maroon and Black Lace up Casual Shoe
₹408 59% Off
₹449 ₹999]]>
    </line>
    <line>
      <![CDATA[Yellow Tree High Quality Brown Casual Shoes
₹498 50% Off
₹544 ₹999]]>
    </line>
    <line>
      <![CDATA[Capital S Casual Shoes for Men
₹551 44% Off
₹599 ₹999]]>
    </line>
    <line>
      <![CDATA[Spain Style Men Black Lace-up Outdoors Shoes
₹325 67% Off
₹362 ₹999
Free Shipping]]>
    </line>
    <line>
      <![CDATA[Aadi Men Black Lace-up Casual Shoes
₹375 62% Off
₹394 ₹999
Free Shipping]]>
    </line>
    <line>
      <![CDATA[Knoos Men Tan Lace-up Casual Shoes
₹384 61% Off
₹404 ₹999
Free Shipping]]>
    </line>
    <line>
      <![CDATA[Blue Pop Men Red Lace-up Derby Shoes
₹470 52% Off
₹514 ₹999
Free Shipping]]>
    </line>
    <line>
      <![CDATA[Aadi New Look Casual Shoes
₹389 23% Off
₹429 ₹509
Free Shipping]]>
    </line>
    <line>
      <![CDATA[Knoos Men Brown Smart Casual Lace-up Shoe
₹446 55% Off
₹489 ₹999
Free Shipping]]>
    </line>
    <line>
      <![CDATA[BRK Blue Smart PVC Lace-up Casual Shoes For Men
₹638 68% Off
₹659 ₹1,999]]>
    </line>
    <line>
      <![CDATA[Total item:13]]>
    </line>
    <line>
      <![CDATA[Title loaded is correct]]>
    </line>
    <line>
      <![CDATA[NO RESULT FOUND !]]>
    </line>
    <line>
      <![CDATA[No item found]]>
    </line>
  </reporter-output>
  <suite name="ShopCluesSuite" duration-ms="289636" started-at="2021-10-31T18:31:26 IST" finished-at="2021-10-31T18:36:16 IST">
    <groups>
    </groups>
    <test name="Functional Testing" duration-ms="289636" started-at="2021-10-31T18:31:26 IST" finished-at="2021-10-31T18:36:16 IST">
      <class name="com.qa.testscripts.TC_ValidateShopCluesFilters">
        <test-method status="PASS" signature="setup(java.lang.String,java.lang.String)[pri:0, instance:com.qa.testscripts.TC_ValidateShopCluesFilters@2f0a87b3]" name="setup" is-config="true" duration-ms="8518" started-at="2021-10-31T18:31:26 IST" finished-at="2021-10-31T18:31:35 IST">
          <params>
            <param index="0">
              <value>
                <![CDATA[edge]]>
              </value>
            </param>
            <param index="1">
              <value>
                <![CDATA[https://www.shopclues.com/]]>
              </value>
            </param>
          </params>
          <reporter-output>
          </reporter-output>
        </test-method> <!-- setup -->
        <test-method status="PASS" signature="Fliter(java.lang.String)[pri:0, instance:com.qa.testscripts.TC_ValidateShopCluesFilters@2f0a87b3]" name="Fliter" duration-ms="23945" started-at="2021-10-31T18:31:36 IST" data-provider="getData" finished-at="2021-10-31T18:32:00 IST">
          <params>
            <param index="0">
              <value>
                <![CDATA[Mobiles]]>
              </value>
            </param>
          </params>
          <reporter-output>
            <line>
              <![CDATA[Suggestions are : ]]>
            </line>
            <line>
              <![CDATA[mobiles in Feature Phones
mobiles 4g in Smartphones
mobiles below 500
mobiles under 5000
mobiles under 2000 screen touch phone
Mobiles phones under 500
mobiles 4g 64gb 4gb ram lowest price
Mobiles 4gb ram and 64gb rom dual volty
mobiles under 7000 with 3gb ram and finger
mobiles having finger print scanner]]>
            </line>
            <line>
              <![CDATA[https://www.shopclues.com/search?q=Mobiles&sc_z=4444&z=0&shopClues_surety[]=1&by_combo[]=2356745&fsrc=shopClues_surety,by_combo]]>
            </line>
            <line>
              <![CDATA[The url contains the filters]]>
            </line>
          </reporter-output>
        </test-method> <!-- Fliter -->
        <test-method status="PASS" signature="Fliter(java.lang.String)[pri:0, instance:com.qa.testscripts.TC_ValidateShopCluesFilters@2f0a87b3]" name="Fliter" duration-ms="24541" started-at="2021-10-31T18:32:00 IST" data-provider="getData" finished-at="2021-10-31T18:32:24 IST">
          <params>
            <param index="0">
              <value>
                <![CDATA[Laptop]]>
              </value>
            </param>
          </params>
          <reporter-output>
            <line>
              <![CDATA[Suggestions are : ]]>
            </line>
            <line>
              <![CDATA[laptop in Laptops
laptop bags in Laptop Bags
laptop skin
Laptop bag
laptop speaker
Laptop covers,key guard and screen protector for 14inch
laptop screen guard for 15.6 laptop
laptop back cover
laptops in laptops below 15000
Laptop 4gb ram 500gb internal low new price]]>
            </line>
            <line>
              <![CDATA[https://www.shopclues.com/search?q=Laptop&sc_z=4444&z=0&shopClues_surety[]=1&by_combo[]=2356745&fsrc=shopClues_surety,by_combo]]>
            </line>
            <line>
              <![CDATA[The url contains the filters]]>
            </line>
          </reporter-output>
        </test-method> <!-- Fliter -->
        <test-method status="PASS" signature="tearDown()[pri:0, instance:com.qa.testscripts.TC_ValidateShopCluesFilters@2f0a87b3]" name="tearDown" is-config="true" duration-ms="1330" started-at="2021-10-31T18:32:24 IST" finished-at="2021-10-31T18:32:26 IST">
          <reporter-output>
          </reporter-output>
        </test-method> <!-- tearDown -->
      </class> <!-- com.qa.testscripts.TC_ValidateShopCluesFilters -->
      <class name="com.qa.testscripts.TC_ValidateShopCluesHyperLinks">
        <test-method status="PASS" signature="setup(java.lang.String,java.lang.String)[pri:0, instance:com.qa.testscripts.TC_ValidateShopCluesHyperLinks@5204062d]" name="setup" is-config="true" duration-ms="7392" started-at="2021-10-31T18:32:26 IST" finished-at="2021-10-31T18:32:33 IST">
          <params>
            <param index="0">
              <value>
                <![CDATA[edge]]>
              </value>
            </param>
            <param index="1">
              <value>
                <![CDATA[https://www.shopclues.com/]]>
              </value>
            </param>
          </params>
          <reporter-output>
          </reporter-output>
        </test-method> <!-- setup -->
        <test-method status="PASS" signature="getLinks()[pri:1, instance:com.qa.testscripts.TC_ValidateShopCluesHyperLinks@5204062d]" name="getLinks" duration-ms="11484" started-at="2021-10-31T18:32:33 IST" finished-at="2021-10-31T18:32:44 IST">
          <reporter-output>
            <line>
              <![CDATA[Total No.of Links Present : 312]]>
            </line>
            <line>
              <![CDATA[Links are:]]>
            </line>
            <line>
              <![CDATA[Sell With Us]]>
            </line>
            <line>
              <![CDATA[Call Us]]>
            </line>
            <line>
              <![CDATA[Search]]>
            </line>
            <line>
              <![CDATA[Sign In]]>
            </line>
            <line>
              <![CDATA[Location]]>
            </line>
            <line>
              <![CDATA[MOBILES & MORE]]>
            </line>
            <line>
              <![CDATA[MEN]]>
            </line>
            <line>
              <![CDATA[WOMEN]]>
            </line>
            <line>
              <![CDATA[HOME & KITCHEN]]>
            </line>
            <line>
              <![CDATA[APPLIANCES]]>
            </line>
            <line>
              <![CDATA[SPORTS & MORE]]>
            </line>
            <line>
              <![CDATA[ESSENTIALS]]>
            </line>
            <line>
              <![CDATA[OFFERS]]>
            </line>
            <line>
              <![CDATA[GLOBAL SHOPPING]]>
            </line>
            <line>
              <![CDATA[Time Sale]]>
            </line>
            <line>
              <![CDATA[Flu Care]]>
            </line>
            <line>
              <![CDATA[Food & Beverage]]>
            </line>
            <line>
              <![CDATA[Personal Hygiene]]>
            </line>
            <line>
              <![CDATA[Home Cleaning]]>
            </line>
            <line>
              <![CDATA[Nutrition & Supplements]]>
            </line>
            <line>
              <![CDATA[Kitchen & Dining]]>
            </line>
            <line>
              <![CDATA[Refurbished Mobiles]]>
            </line>
            <line>
              <![CDATA[Mobile Accessories]]>
            </line>
            <line>
              <![CDATA[Sunday Flea
Market]]>
            </line>
            <line>
              <![CDATA[Prime
Mall]]>
            </line>
            <line>
              <![CDATA[Stunning Home
Interiors]]>
            </line>
            <line>
              <![CDATA[Spain Style
Men's Footwear]]>
            </line>
            <line>
              <![CDATA[Happy
Easy Go]]>
            </line>
            <line>
              <![CDATA[See More]]>
            </line>
            <line>
              <![CDATA[Easy Returns & Replacement]]>
            </line>
            <line>
              <![CDATA[Sign In/Register]]>
            </line>
            <line>
              <![CDATA[Our Policies]]>
            </line>
            <line>
              <![CDATA[CluesBucks]]>
            </line>
            <line>
              <![CDATA[Payment Options]]>
            </line>
            <line>
              <![CDATA[ShopClues Surety]]>
            </line>
            <line>
              <![CDATA[FAQs (Help)]]>
            </line>
            <line>
              <![CDATA[Service Centers]]>
            </line>
            <line>
              <![CDATA[User Agreement]]>
            </line>
            <line>
              <![CDATA[Refer & Earn]]>
            </line>
            <line>
              <![CDATA[Merchant Panel]]>
            </line>
            <line>
              <![CDATA[How To Sell]]>
            </line>
            <line>
              <![CDATA[Commission Structure]]>
            </line>
            <line>
              <![CDATA[Fullfillment Policy]]>
            </line>
            <line>
              <![CDATA[Policies & Rules]]>
            </line>
            <line>
              <![CDATA[User Agreement]]>
            </line>
            <line>
              <![CDATA[Testimonials]]>
            </line>
            <line>
              <![CDATA[Seller Summit]]>
            </line>
            <line>
              <![CDATA[Merchant Blog]]>
            </line>
            <line>
              <![CDATA[Developer Resources]]>
            </line>
            <line>
              <![CDATA[About Us]]>
            </line>
            <line>
              <![CDATA[History]]>
            </line>
            <line>
              <![CDATA[Band of Trust]]>
            </line>
            <line>
              <![CDATA[Brand Guidelines]]>
            </line>
            <line>
              <![CDATA[TV Commercials]]>
            </line>
            <line>
              <![CDATA[In the News]]>
            </line>
            <line>
              <![CDATA[Awards]]>
            </line>
            <line>
              <![CDATA[Careers]]>
            </line>
            <line>
              <![CDATA[Blog]]>
            </line>
            <line>
              <![CDATA[Merchant Support]]>
            </line>
            <line>
              <![CDATA[Bulk Orders]]>
            </line>
            <line>
              <![CDATA[Press]]>
            </line>
            <line>
              <![CDATA[In the News]]>
            </line>
            <line>
              <![CDATA[Mobile & Tablets:]]>
            </line>
            <line>
              <![CDATA[Android Phones]]>
            </line>
            <line>
              <![CDATA[Smartphones]]>
            </line>
            <line>
              <![CDATA[Feature Phones]]>
            </line>
            <line>
              <![CDATA[Unboxed Phones]]>
            </line>
            <line>
              <![CDATA[Refurbished Phones]]>
            </line>
            <line>
              <![CDATA[Tablets]]>
            </line>
            <line>
              <![CDATA[CDMA Phones]]>
            </line>
            <line>
              <![CDATA[Value Added Services]]>
            </line>
            <line>
              <![CDATA[Sell Old/ Used Mobiles]]>
            </line>
            <line>
              <![CDATA[Computers:]]>
            </line>
            <line>
              <![CDATA[Laptops]]>
            </line>
            <line>
              <![CDATA[Printers]]>
            </line>
            <line>
              <![CDATA[Routers]]>
            </line>
            <line>
              <![CDATA[Ink & Toner Cartridges]]>
            </line>
            <line>
              <![CDATA[Monitors]]>
            </line>
            <line>
              <![CDATA[Video Games]]>
            </line>
            <line>
              <![CDATA[Unboxed & Refurbished Laptops]]>
            </line>
            <line>
              <![CDATA[Assembled Desktops]]>
            </line>
            <line>
              <![CDATA[Data Cards]]>
            </line>
            <line>
              <![CDATA[TV, Audio & Large Appliances:]]>
            </line>
            <line>
              <![CDATA[TVs & DTH]]>
            </line>
            <line>
              <![CDATA[Home Theatre Systems]]>
            </line>
            <line>
              <![CDATA[Hidden Cameras & CCTVs]]>
            </line>
            <line>
              <![CDATA[Refrigerators]]>
            </line>
            <line>
              <![CDATA[Washing Machines]]>
            </line>
            <line>
              <![CDATA[Air Conditioners]]>
            </line>
            <line>
              <![CDATA[Cameras]]>
            </line>
            <line>
              <![CDATA[Speakers]]>
            </line>
            <line>
              <![CDATA[Mobile & Laptop Accessories:]]>
            </line>
            <line>
              <![CDATA[Headphones]]>
            </line>
            <line>
              <![CDATA[Power Banks]]>
            </line>
            <line>
              <![CDATA[Backpacks]]>
            </line>
            <line>
              <![CDATA[Mobile Cases & Covers]]>
            </line>
            <line>
              <![CDATA[Pen Drives]]>
            </line>
            <line>
              <![CDATA[External Hard Disks]]>
            </line>
            <line>
              <![CDATA[Mouse]]>
            </line>
            <line>
              <![CDATA[Smart Watches & Fitness Bands]]>
            </line>
            <line>
              <![CDATA[MicroSD Cards]]>
            </line>
            <line>
              <![CDATA[Appliances:]]>
            </line>
            <line>
              <![CDATA[Trimmers]]>
            </line>
            <line>
              <![CDATA[Hair Dryers]]>
            </line>
            <line>
              <![CDATA[Emergency Lights]]>
            </line>
            <line>
              <![CDATA[Water Purifiers]]>
            </line>
            <line>
              <![CDATA[Electric Kettles]]>
            </line>
            <line>
              <![CDATA[Hair Straighteners]]>
            </line>
            <line>
              <![CDATA[Induction Cooktops]]>
            </line>
            <line>
              <![CDATA[Sewing Machines]]>
            </line>
            <line>
              <![CDATA[Geysers]]>
            </line>
            <line>
              <![CDATA[Home & Kitchen:]]>
            </line>
            <line>
              <![CDATA[Bedsheets]]>
            </line>
            <line>
              <![CDATA[Hardware & Sanitaryware]]>
            </line>
            <line>
              <![CDATA[Towels, Bath Linens]]>
            </line>
            <line>
              <![CDATA[Furniture]]>
            </line>
            <line>
              <![CDATA[Cookware]]>
            </line>
            <line>
              <![CDATA[Kitchen Tools]]>
            </line>
            <line>
              <![CDATA[Home Cleaning Utilities]]>
            </line>
            <line>
              <![CDATA[Doormats]]>
            </line>
            <line>
              <![CDATA[Curtains]]>
            </line>
            <line>
              <![CDATA[Gardening Essentials]]>
            </line>
            <line>
              <![CDATA[Fashion:]]>
            </line>
            <line>
              <![CDATA[Women's Clothing]]>
            </line>
            <line>
              <![CDATA[Men's Clothing]]>
            </line>
            <line>
              <![CDATA[Women's Ethnic Wear]]>
            </line>
            <line>
              <![CDATA[Men's Fashion Accessories]]>
            </line>
            <line>
              <![CDATA[Sports Wear]]>
            </line>
            <line>
              <![CDATA[Western Wear]]>
            </line>
            <line>
              <![CDATA[Handbags & Wallets, Clutches]]>
            </line>
            <line>
              <![CDATA[Handbags]]>
            </line>
            <line>
              <![CDATA[Sarees]]>
            </line>
            <line>
              <![CDATA[T-Shirts]]>
            </line>
            <line>
              <![CDATA[Lingerie & Sleep Wear]]>
            </line>
            <line>
              <![CDATA[Footwear:]]>
            </line>
            <line>
              <![CDATA[Men's Sports Shoes]]>
            </line>
            <line>
              <![CDATA[Men's Slippers]]>
            </line>
            <line>
              <![CDATA[Casual Shoes]]>
            </line>
            <line>
              <![CDATA[Sandals & Floaters]]>
            </line>
            <line>
              <![CDATA[Formal Shoes]]>
            </line>
            <line>
              <![CDATA[Women Flats]]>
            </line>
            <line>
              <![CDATA[Ballerinas]]>
            </line>
            <line>
              <![CDATA[Loafers]]>
            </line>
            <line>
              <![CDATA[Boots]]>
            </line>
            <line>
              <![CDATA[Shoe Care & Accessories]]>
            </line>
            <line>
              <![CDATA[Travel & Luggage:]]>
            </line>
            <line>
              <![CDATA[Duffle Bags]]>
            </line>
            <line>
              <![CDATA[Laptop Bags]]>
            </line>
            <line>
              <![CDATA[Travel Pouches]]>
            </line>
            <line>
              <![CDATA[Backpacks]]>
            </line>
            <line>
              <![CDATA[Suitcases & Trolleys]]>
            </line>
            <line>
              <![CDATA[Travel Accessories]]>
            </line>
            <line>
              <![CDATA[Gym Bags]]>
            </line>
            <line>
              <![CDATA[Messenger Bags]]>
            </line>
            <line>
              <![CDATA[School Bags]]>
            </line>
            <line>
              <![CDATA[Safety Locks]]>
            </line>
            <line>
              <![CDATA[Jewelry & Watches:]]>
            </line>
            <line>
              <![CDATA[Coins & Bars]]>
            </line>
            <line>
              <![CDATA[Men's Watches]]>
            </line>
            <line>
              <![CDATA[Women's Watches]]>
            </line>
            <line>
              <![CDATA[Necklaces Sets]]>
            </line>
            <line>
              <![CDATA[Fashion Jewelry]]>
            </line>
            <line>
              <![CDATA[Pendants and Lockets]]>
            </line>
            <line>
              <![CDATA[Earrings]]>
            </line>
            <line>
              <![CDATA[Rings]]>
            </line>
            <line>
              <![CDATA[Jewelry Boxes]]>
            </line>
            <line>
              <![CDATA[Kid's Watches]]>
            </line>
            <line>
              <![CDATA[Automotive:]]>
            </line>
            <line>
              <![CDATA[Bike Accessories / Tools]]>
            </line>
            <line>
              <![CDATA[Car Cleaning Aids]]>
            </line>
            <line>
              <![CDATA[Helmets]]>
            </line>
            <line>
              <![CDATA[Bike Body Covers]]>
            </line>
            <line>
              <![CDATA[Car Accessories / Tools]]>
            </line>
            <line>
              <![CDATA[Riding Gloves]]>
            </line>
            <line>
              <![CDATA[Car Perfumes]]>
            </line>
            <line>
              <![CDATA[Car Scratch Removers]]>
            </line>
            <line>
              <![CDATA[Car Audio | Video]]>
            </line>
            <line>
              <![CDATA[Bike Alarms]]>
            </line>
            <line>
              <![CDATA[Toys, Baby & Kids :]]>
            </line>
            <line>
              <![CDATA[Diapers]]>
            </line>
            <line>
              <![CDATA[Educational Toys]]>
            </line>
            <line>
              <![CDATA[Kid's Footwear]]>
            </line>
            <line>
              <![CDATA[Remote Controlled Toys]]>
            </line>
            <line>
              <![CDATA[Soft Toys]]>
            </line>
            <line>
              <![CDATA[Party Supplies]]>
            </line>
            <line>
              <![CDATA[Cubes]]>
            </line>
            <line>
              <![CDATA[Maternity Care]]>
            </line>
            <line>
              <![CDATA[Kid's Apparel]]>
            </line>
            <line>
              <![CDATA[Gourmet & Daily Needs :]]>
            </line>
            <line>
              <![CDATA[Office Supplies]]>
            </line>
            <line>
              <![CDATA[Pet Supplies]]>
            </line>
            <line>
              <![CDATA[Books]]>
            </line>
            <line>
              <![CDATA[Namkeen]]>
            </line>
            <line>
              <![CDATA[Stationery]]>
            </line>
            <line>
              <![CDATA[Pens & Markers]]>
            </line>
            <line>
              <![CDATA[Tea & Coffee]]>
            </line>
            <line>
              <![CDATA[Chocolates & Candies]]>
            </line>
            <line>
              <![CDATA[Indian Sweets]]>
            </line>
            <line>
              <![CDATA[Gifts]]>
            </line>
            <line>
              <![CDATA[Sports and Health]]>
            </line>
            <line>
              <![CDATA[Home Gym Equipment]]>
            </line>
            <line>
              <![CDATA[Exercise Bikes]]>
            </line>
            <line>
              <![CDATA[Gym Accessories]]>
            </line>
            <line>
              <![CDATA[Massagers]]>
            </line>
            <line>
              <![CDATA[Diabetic Care]]>
            </line>
            <line>
              <![CDATA[Cricket]]>
            </line>
            <line>
              <![CDATA[Table Tennis]]>
            </line>
            <line>
              <![CDATA[Beauty & Perfumes:]]>
            </line>
            <line>
              <![CDATA[Grooming Essentials]]>
            </line>
            <line>
              <![CDATA[Deodorants]]>
            </line>
            <line>
              <![CDATA[Men's Perfumes]]>
            </line>
            <line>
              <![CDATA[Hair Care]]>
            </line>
            <line>
              <![CDATA[Women's Perfumes]]>
            </line>
            <line>
              <![CDATA[Face Packs]]>
            </line>
            <line>
              <![CDATA[Oral Care]]>
            </line>
            <line>
              <![CDATA[Herbal Care]]>
            </line>
            <line>
              <![CDATA[Value Combo]]>
            </line>
            <line>
              <![CDATA[Women's Hygiene]]>
            </line>
            <line>
              <![CDATA[Offers & Coupons]]>
            </line>
            <line>
              <![CDATA[Couple Watches]]>
            </line>
            <line>
              <![CDATA[Gas Stoves]]>
            </line>
            <line>
              <![CDATA[Air Coolers]]>
            </line>
            <line>
              <![CDATA[Air Purifiers]]>
            </line>
            <line>
              <![CDATA[Headphones / Mic / Headset]]>
            </line>
            <line>
              <![CDATA[Pressure Cookers]]>
            </line>
            <line>
              <![CDATA[Sandwich Makers]]>
            </line>
            <line>
              <![CDATA[Air Friers / Deep Friers]]>
            </line>
            <line>
              <![CDATA[Irons]]>
            </line>
            <line>
              <![CDATA[LED TV]]>
            </line>
            <line>
              <![CDATA[Men Jackets]]>
            </line>
            <line>
              <![CDATA[Educational Toys]]>
            </line>
            <line>
              <![CDATA[Stabilizers]]>
            </line>
            <line>
              <![CDATA[Heaters]]>
            </line>
            <line>
              <![CDATA[Car Audio Systems]]>
            </line>
            <line>
              <![CDATA[Photo Frames]]>
            </line>
            <line>
              <![CDATA[Men's Shoes]]>
            </line>
            <line>
              <![CDATA[Decorative Lights]]>
            </line>
            <line>
              <![CDATA[Rain Wear]]>
            </line>
            <line>
              <![CDATA[Bedsheets]]>
            </line>
            <line>
              <![CDATA[Top Brands]]>
            </line>
            <line>
              <![CDATA[Refer & Earn]]>
            </line>
            <line>
              <![CDATA[Shopclues Surety Program]]>
            </line>
            <line>
              <![CDATA[Join the Club Now]]>
            </line>
            <line>
              <![CDATA[Privacy Policy]]>
            </line>
            <line>
              <![CDATA[User Agreement]]>
            </line>
            <line>
              <![CDATA[Notes to Security Practices]]>
            </line>
            <line>
              <![CDATA[Labor Compliance]]>
            </line>
            <line>
              <![CDATA[Wall of Fame]]>
            </line>
          </reporter-output>
        </test-method> <!-- getLinks -->
        <test-method status="PASS" signature="tearDown()[pri:0, instance:com.qa.testscripts.TC_ValidateShopCluesHyperLinks@5204062d]" name="tearDown" is-config="true" duration-ms="887" started-at="2021-10-31T18:32:44 IST" finished-at="2021-10-31T18:32:45 IST">
          <reporter-output>
          </reporter-output>
        </test-method> <!-- tearDown -->
      </class> <!-- com.qa.testscripts.TC_ValidateShopCluesHyperLinks -->
      <class name="com.qa.testscripts.TC_ValidateShopCluesSearch">
        <test-method status="PASS" signature="setup(java.lang.String,java.lang.String)[pri:0, instance:com.qa.testscripts.TC_ValidateShopCluesSearch@2fd66ad3]" name="setup" is-config="true" duration-ms="7723" started-at="2021-10-31T18:35:22 IST" finished-at="2021-10-31T18:35:30 IST">
          <params>
            <param index="0">
              <value>
                <![CDATA[edge]]>
              </value>
            </param>
            <param index="1">
              <value>
                <![CDATA[https://www.shopclues.com/]]>
              </value>
            </param>
          </params>
          <reporter-output>
          </reporter-output>
        </test-method> <!-- setup -->
        <test-method status="PASS" signature="ValidateSearchItem(java.lang.String)[pri:0, instance:com.qa.testscripts.TC_ValidateShopCluesSearch@2fd66ad3]" name="ValidateSearchItem" duration-ms="10196" started-at="2021-10-31T18:35:30 IST" data-provider="getData" finished-at="2021-10-31T18:35:40 IST">
          <params>
            <param index="0">
              <value>
                <![CDATA[Mobile]]>
              </value>
            </param>
          </params>
          <reporter-output>
            <line>
              <![CDATA[Title loaded is correct]]>
            </line>
            <line>
              <![CDATA[MTR MT310 Dual Sim Feature Phone
₹646 35% Off
₹699 ₹999]]>
            </line>
            <line>
              <![CDATA[I KALL K18 New 24 Inches61cm Display Dual Sim Feature P
₹788 47% Off
₹849 ₹1,499
Free Shipping]]>
            </line>
            <line>
              <![CDATA[MTR MT312 Dual Sim Feature Phone
₹693 76% Off
₹749 ₹2,999]]>
            </line>
            <line>
              <![CDATA[Ikall K3310 1.8 inches (4.57 cm) Dual Sim Mobile Phone
₹570 42% Off
₹599 ₹999]]>
            </line>
            <line>
              <![CDATA[I Kall K31 1.8 inch Dual Sim Feature Phone
₹522 34% Off
₹549 ₹799
Free Shipping]]>
            </line>
            <line>
              <![CDATA[MTR 312 1.8 inches (4.57 cm) Dual Sim Blue Feature Phon
₹646 46% Off
₹699 ₹1,199
Free Shipping]]>
            </line>
            <line>
              <![CDATA[Pear P310 Dual Sim Feature Phone
₹646 52% Off
₹699 ₹1,357
Free Shipping]]>
            </line>
            <line>
              <![CDATA[I Kall K444 24 Inch Dual Sim Feature Phone with Fast Ch
₹855 42% Off
₹899 ₹1,499
Free Shipping]]>
            </line>
            <line>
              <![CDATA[I KALL K75 14 Inch Display Single Sim Feature Phone
₹408 59% Off
₹449 ₹999
Free Shipping]]>
            </line>
            <line>
              <![CDATA[MTR FARARI 2.4 Inches(6.1cm) Display Dual Sim Feature P
₹1,045 47% Off
₹1,199 ₹1,999
Free Shipping]]>
            </line>
            <line>
              <![CDATA[I KALL K6300 New 28 inches 711 cm Display Triple Sim F
₹1,045 47% Off
₹1,199 ₹1,999
Free Shipping]]>
            </line>
            <line>
              <![CDATA[Pear P310 Dual Sim Feature Phone
₹655 34% Off
₹709 ₹999
Free Shipping]]>
            </line>
            <line>
              <![CDATA[Total item:12]]>
            </line>
          </reporter-output>
        </test-method> <!-- ValidateSearchItem -->
        <test-method status="PASS" signature="ValidateSearchItem(java.lang.String)[pri:0, instance:com.qa.testscripts.TC_ValidateShopCluesSearch@2fd66ad3]" name="ValidateSearchItem" duration-ms="8781" started-at="2021-10-31T18:35:40 IST" data-provider="getData" finished-at="2021-10-31T18:35:49 IST">
          <params>
            <param index="0">
              <value>
                <![CDATA[Watch ]]>
              </value>
            </param>
          </params>
          <reporter-output>
            <line>
              <![CDATA[Title loaded is correct]]>
            </line>
            <line>
              <![CDATA[Analogue Blue Dial Mens Watch SM30137.03
₹8,800
₹10,000
Free Shipping]]>
            </line>
            <line>
              <![CDATA[Titan Karishma Round Gold Metal Strap Analog Watch For
₹393 86% Off
₹414 ₹2,999
Free Shipping]]>
            </line>
            <line>
              <![CDATA[Fastrack Men Watch - 661
₹373 81% Off
₹394 ₹1,999
Free Shipping]]>
            </line>
            <line>
              <![CDATA[Fastrack Analog Quartz 1474sm01 Silver Dial Rectangle S
₹478 76% Off
₹499 ₹1,999
Free Shipping]]>
            </line>
            <line>
              <![CDATA[Titan Men Classic Analog Watch NH9159SL01
₹438 78% Off
₹459 ₹1,999
Free Shipping]]>
            </line>
            <line>
              <![CDATA[Fastrack Men Analog Silver Dial Watch sky 666
₹448 77% Off
₹469 ₹1,999
Free Shipping]]>
            </line>
            <line>
              <![CDATA[Titan Round Dial Leather Brown Strap Watches Combo For
₹684 72% Off
₹739 ₹2,499
Free Shipping]]>
            </line>
            <line>
              <![CDATA[Fastrack Analog Quartz Silver Dial Rectangle Stainless
₹528 73% Off
₹549 ₹1,999
Free Shipping]]>
            </line>
            <line>
              <![CDATA[Fastrack 3099SL01 Casual Watch For Men
₹475 76% Off
₹519 ₹1,999
Free Shipping]]>
            </line>
            <line>
              <![CDATA[Radius by Smartshop16 Men Round Black Dial Leather Anal
₹98 90% Off
₹99 ₹999
Free Shipping]]>
            </line>
            <line>
              <![CDATA[Titan 9151BM01 Classic Watch For Men
₹703 76% Off
₹759 ₹2,999
Free Shipping]]>
            </line>
            <line>
              <![CDATA[Fastrack 3121SM02 Black Round Dial Silver Stainless Ste
₹513 74% Off
₹559 ₹1,999
Free Shipping]]>
            </line>
            <line>
              <![CDATA[Total item:12]]>
            </line>
          </reporter-output>
        </test-method> <!-- ValidateSearchItem -->
        <test-method status="PASS" signature="ValidateSearchItem(java.lang.String)[pri:0, instance:com.qa.testscripts.TC_ValidateShopCluesSearch@2fd66ad3]" name="ValidateSearchItem" duration-ms="7705" started-at="2021-10-31T18:35:49 IST" data-provider="getData" finished-at="2021-10-31T18:35:57 IST">
          <params>
            <param index="0">
              <value>
                <![CDATA[Xccct]]>
              </value>
            </param>
          </params>
          <reporter-output>
            <line>
              <![CDATA[Title loaded is correct]]>
            </line>
            <line>
              <![CDATA[NO RESULT FOUND !]]>
            </line>
            <line>
              <![CDATA[No item found]]>
            </line>
          </reporter-output>
        </test-method> <!-- ValidateSearchItem -->
        <test-method status="PASS" signature="ValidateSearchItem(java.lang.String)[pri:0, instance:com.qa.testscripts.TC_ValidateShopCluesSearch@2fd66ad3]" name="ValidateSearchItem" duration-ms="8331" started-at="2021-10-31T18:35:57 IST" data-provider="getData" finished-at="2021-10-31T18:36:05 IST">
          <params>
            <param index="0">
              <value>
                <![CDATA[Shoes]]>
              </value>
            </param>
          </params>
          <reporter-output>
            <line>
              <![CDATA[Title loaded is correct]]>
            </line>
            <line>
              <![CDATA[AD
Aadi Mens Beige Lace-up Outdoor Shoes
₹484 19% Off
₹529 ₹599]]>
            </line>
            <line>
              <![CDATA[Feet First Leather Slip-on Casual Shoes for Men
₹1,090 56% Off
₹1,247 ₹2,499
Free Shipping]]>
            </line>
            <line>
              <![CDATA[Yellow Tree High Quality Gray Casual Shoes
₹498 50% Off
₹544 ₹999]]>
            </line>
            <line>
              <![CDATA[Men's Maroon and Black Lace up Casual Shoe
₹408 59% Off
₹449 ₹999]]>
            </line>
            <line>
              <![CDATA[Yellow Tree High Quality Brown Casual Shoes
₹498 50% Off
₹544 ₹999]]>
            </line>
            <line>
              <![CDATA[Capital S Casual Shoes for Men
₹551 44% Off
₹599 ₹999]]>
            </line>
            <line>
              <![CDATA[Spain Style Men Black Lace-up Outdoors Shoes
₹325 67% Off
₹362 ₹999
Free Shipping]]>
            </line>
            <line>
              <![CDATA[Aadi Men Black Lace-up Casual Shoes
₹375 62% Off
₹394 ₹999
Free Shipping]]>
            </line>
            <line>
              <![CDATA[Knoos Men Tan Lace-up Casual Shoes
₹384 61% Off
₹404 ₹999
Free Shipping]]>
            </line>
            <line>
              <![CDATA[Blue Pop Men Red Lace-up Derby Shoes
₹470 52% Off
₹514 ₹999
Free Shipping]]>
            </line>
            <line>
              <![CDATA[Aadi New Look Casual Shoes
₹389 23% Off
₹429 ₹509
Free Shipping]]>
            </line>
            <line>
              <![CDATA[Knoos Men Brown Smart Casual Lace-up Shoe
₹446 55% Off
₹489 ₹999
Free Shipping]]>
            </line>
            <line>
              <![CDATA[BRK Blue Smart PVC Lace-up Casual Shoes For Men
₹638 68% Off
₹659 ₹1,999]]>
            </line>
            <line>
              <![CDATA[Total item:13]]>
            </line>
          </reporter-output>
        </test-method> <!-- ValidateSearchItem -->
        <test-method status="PASS" signature="ValidateSearchItem(java.lang.String)[pri:0, instance:com.qa.testscripts.TC_ValidateShopCluesSearch@2fd66ad3]" name="ValidateSearchItem" duration-ms="9344" started-at="2021-10-31T18:36:05 IST" data-provider="getData" finished-at="2021-10-31T18:36:14 IST">
          <params>
            <param index="0">
              <value>
                <![CDATA[7777777]]>
              </value>
            </param>
          </params>
          <reporter-output>
            <line>
              <![CDATA[Title loaded is correct]]>
            </line>
            <line>
              <![CDATA[NO RESULT FOUND !]]>
            </line>
            <line>
              <![CDATA[No item found]]>
            </line>
          </reporter-output>
        </test-method> <!-- ValidateSearchItem -->
        <test-method status="PASS" signature="tearDown()[pri:0, instance:com.qa.testscripts.TC_ValidateShopCluesSearch@2fd66ad3]" name="tearDown" is-config="true" duration-ms="1335" started-at="2021-10-31T18:36:14 IST" finished-at="2021-10-31T18:36:16 IST">
          <reporter-output>
          </reporter-output>
        </test-method> <!-- tearDown -->
      </class> <!-- com.qa.testscripts.TC_ValidateShopCluesSearch -->
      <class name="com.qa.testscripts.TC_ValidateShopCluesSearchAndAddtoCart">
        <test-method status="PASS" signature="setup(java.lang.String,java.lang.String)[pri:0, instance:com.qa.testscripts.TC_ValidateShopCluesSearchAndAddtoCart@376b4233]" name="setup" is-config="true" duration-ms="7809" started-at="2021-10-31T18:33:52 IST" finished-at="2021-10-31T18:34:00 IST">
          <params>
            <param index="0">
              <value>
                <![CDATA[edge]]>
              </value>
            </param>
            <param index="1">
              <value>
                <![CDATA[https://www.shopclues.com/]]>
              </value>
            </param>
          </params>
          <reporter-output>
          </reporter-output>
        </test-method> <!-- setup -->
        <test-method status="PASS" signature="Search(java.lang.String)[pri:0, instance:com.qa.testscripts.TC_ValidateShopCluesSearchAndAddtoCart@376b4233]" name="Search" duration-ms="33178" started-at="2021-10-31T18:34:00 IST" data-provider="getData" finished-at="2021-10-31T18:34:34 IST">
          <params>
            <param index="0">
              <value>
                <![CDATA[Glass]]>
              </value>
            </param>
          </params>
          <reporter-output>
            <line>
              <![CDATA[Trending Searches
Time Sale
Mobiles
T-Shirts
Headphones
Shoes
Sarees
Shirts
Watches
Bedsheets
Trimmers]]>
            </line>
            <line>
              <![CDATA[Trending searches is displayed]]>
            </line>
            <line>
              <![CDATA[glass top gas stove in Gas Cooktops
glasses eye for night vision in Eyewear
Glass wall mobile pictures stickers in mobile shopping
Glass hookah with flavour coal and Tong by
Glass
Glass and back both in 1oder hoton 9n
Glass and cover combo Asus zenfone max m1
glass drop crystals of chandelier ceiling hanging
glass guard for asus zenfone max pro m2
glass jar with cork glass jar with cork]]>
            </line>
            <line>
              <![CDATA[Suggestions  matches with search item ]]>
            </line>
            <line>
              <![CDATA[Search field is updated with the suggestion text successfully]]>
            </line>
            <line>
              <![CDATA[Shopping jaipur Beautiful Kundan Meenakari Wooden Mobil
₹551 64% Off
₹599 ₹1,549
Free Shipping
TSV YT-1288 Extra Long Selfie For Best Pictures With B
₹576 42% Off
₹597 ₹999
Free Shipping
Indo Digital YT-1288 Extra Long Selfie For Best Picture
₹627 37% Off
₹680 ₹999
Crystal Digital YT-1288 Extra Long Selfie For Best Pict
₹646 35% Off
₹699 ₹999]]>
            </line>
            <line>
              <![CDATA[Correct Item Added to cart]]>
            </line>
          </reporter-output>
        </test-method> <!-- Search -->
        <test-method status="PASS" signature="Search(java.lang.String)[pri:0, instance:com.qa.testscripts.TC_ValidateShopCluesSearchAndAddtoCart@376b4233]" name="Search" duration-ms="47140" started-at="2021-10-31T18:34:34 IST" data-provider="getData" finished-at="2021-10-31T18:35:21 IST">
          <params>
            <param index="0">
              <value>
                <![CDATA[Watch]]>
              </value>
            </param>
          </params>
          <reporter-output>
            <line>
              <![CDATA[Recent Searches
Clear Search History
glass wall mobile pictures stickers in mobile shopping
Trending Searches
Time Sale
Mobiles
T-Shirts
Headphones
Shoes
Sarees
Shirts
Watches
Bedsheets
Trimmers]]>
            </line>
            <line>
              <![CDATA[Trending searches along with Recent searches  is displayed]]>
            </line>
            <line>
              <![CDATA[watch in Men Watches
watch for men in Men Watches
watches for women
watch combo
watches for boy
watch for girls
Watch mobile
Watch for boys
watch fastrack]]>
            </line>
            <line>
              <![CDATA[Suggestions  matches with search item ]]>
            </line>
            <line>
              <![CDATA[Search field is updated with the suggestion text successfully]]>
            </line>
            <line>
              <![CDATA[Titan Women Black Dial Silver Stainless Steel Analog Wa
₹323 89% Off
₹339 ₹2,999
Free Shipping
Titan Youth Women Round Black Dial Silver Stainless Ste
₹343 82% Off
₹364 ₹1,999
Free Shipping
Titan Youth Analog Black Dial Silver Stainless Steel St
₹368 81% Off
₹389 ₹1,999
Free Shipping
Fastrack Women Analog Watch - NM6078SM01
₹448 77% Off
₹469 ₹1,999
Free Shipping]]>
            </line>
            <line>
              <![CDATA[Correct Item Added to cart]]>
            </line>
          </reporter-output>
        </test-method> <!-- Search -->
        <test-method status="PASS" signature="tearDown()[pri:0, instance:com.qa.testscripts.TC_ValidateShopCluesSearchAndAddtoCart@376b4233]" name="tearDown" is-config="true" duration-ms="1347" started-at="2021-10-31T18:35:21 IST" finished-at="2021-10-31T18:35:22 IST">
          <reporter-output>
          </reporter-output>
        </test-method> <!-- tearDown -->
      </class> <!-- com.qa.testscripts.TC_ValidateShopCluesSearchAndAddtoCart -->
      <class name="com.qa.testscripts.TC_ValidateShopCluesLocationField">
        <test-method status="PASS" signature="setup(java.lang.String,java.lang.String)[pri:0, instance:com.qa.testscripts.TC_ValidateShopCluesLocationField@4fcd19b3]" name="setup" is-config="true" duration-ms="7738" started-at="2021-10-31T18:32:45 IST" finished-at="2021-10-31T18:32:53 IST">
          <params>
            <param index="0">
              <value>
                <![CDATA[edge]]>
              </value>
            </param>
            <param index="1">
              <value>
                <![CDATA[https://www.shopclues.com/]]>
              </value>
            </param>
          </params>
          <reporter-output>
          </reporter-output>
        </test-method> <!-- setup -->
        <test-method status="PASS" signature="getLocationPinCode(java.lang.String)[pri:0, instance:com.qa.testscripts.TC_ValidateShopCluesLocationField@4fcd19b3]" name="getLocationPinCode" duration-ms="10484" started-at="2021-10-31T18:32:53 IST" data-provider="getData" finished-at="2021-10-31T18:33:04 IST">
          <params>
            <param index="0">
              <value>
                <![CDATA[642205]]>
              </value>
            </param>
          </params>
          <reporter-output>
            <line>
              <![CDATA[Valid pincode]]>
            </line>
            <line>
              <![CDATA[Pincode added Succesfully]]>
            </line>
          </reporter-output>
        </test-method> <!-- getLocationPinCode -->
        <test-method status="PASS" signature="getLocationPinCode(java.lang.String)[pri:0, instance:com.qa.testscripts.TC_ValidateShopCluesLocationField@4fcd19b3]" name="getLocationPinCode" duration-ms="10569" started-at="2021-10-31T18:33:04 IST" data-provider="getData" finished-at="2021-10-31T18:33:14 IST">
          <params>
            <param index="0">
              <value>
                <![CDATA[642001]]>
              </value>
            </param>
          </params>
          <reporter-output>
            <line>
              <![CDATA[Valid pincode]]>
            </line>
            <line>
              <![CDATA[Pincode added Succesfully]]>
            </line>
          </reporter-output>
        </test-method> <!-- getLocationPinCode -->
        <test-method status="PASS" signature="getLocationPinCode(java.lang.String)[pri:0, instance:com.qa.testscripts.TC_ValidateShopCluesLocationField@4fcd19b3]" name="getLocationPinCode" duration-ms="10419" started-at="2021-10-31T18:33:14 IST" data-provider="getData" finished-at="2021-10-31T18:33:25 IST">
          <params>
            <param index="0">
              <value>
                <![CDATA[620002]]>
              </value>
            </param>
          </params>
          <reporter-output>
            <line>
              <![CDATA[Valid pincode]]>
            </line>
            <line>
              <![CDATA[Pincode added Succesfully]]>
            </line>
          </reporter-output>
        </test-method> <!-- getLocationPinCode -->
        <test-method status="PASS" signature="getLocationPinCode(java.lang.String)[pri:0, instance:com.qa.testscripts.TC_ValidateShopCluesLocationField@4fcd19b3]" name="getLocationPinCode" duration-ms="10515" started-at="2021-10-31T18:33:25 IST" data-provider="getData" finished-at="2021-10-31T18:33:35 IST">
          <params>
            <param index="0">
              <value>
                <![CDATA[620003]]>
              </value>
            </param>
          </params>
          <reporter-output>
            <line>
              <![CDATA[Valid pincode]]>
            </line>
            <line>
              <![CDATA[Pincode added Succesfully]]>
            </line>
          </reporter-output>
        </test-method> <!-- getLocationPinCode -->
        <test-method status="PASS" signature="getLocationPinCode(java.lang.String)[pri:0, instance:com.qa.testscripts.TC_ValidateShopCluesLocationField@4fcd19b3]" name="getLocationPinCode" duration-ms="5310" started-at="2021-10-31T18:33:35 IST" data-provider="getData" finished-at="2021-10-31T18:33:41 IST">
          <params>
            <param index="0">
              <value>
                <![CDATA[4323]]>
              </value>
            </param>
          </params>
          <reporter-output>
            <line>
              <![CDATA[Invalid pincode Entered]]>
            </line>
          </reporter-output>
        </test-method> <!-- getLocationPinCode -->
        <test-method status="PASS" signature="getLocationPinCode(java.lang.String)[pri:0, instance:com.qa.testscripts.TC_ValidateShopCluesLocationField@4fcd19b3]" name="getLocationPinCode" duration-ms="5310" started-at="2021-10-31T18:33:41 IST" data-provider="getData" finished-at="2021-10-31T18:33:46 IST">
          <params>
            <param index="0">
              <value>
                <![CDATA[4]]>
              </value>
            </param>
          </params>
          <reporter-output>
            <line>
              <![CDATA[Invalid pincode Entered]]>
            </line>
          </reporter-output>
        </test-method> <!-- getLocationPinCode -->
        <test-method status="PASS" signature="getLocationPinCode(java.lang.String)[pri:0, instance:com.qa.testscripts.TC_ValidateShopCluesLocationField@4fcd19b3]" name="getLocationPinCode" duration-ms="5283" started-at="2021-10-31T18:33:46 IST" data-provider="getData" finished-at="2021-10-31T18:33:51 IST">
          <params>
            <param index="0">
              <value>
                <![CDATA[11]]>
              </value>
            </param>
          </params>
          <reporter-output>
            <line>
              <![CDATA[Invalid pincode Entered]]>
            </line>
          </reporter-output>
        </test-method> <!-- getLocationPinCode -->
        <test-method status="PASS" signature="tearDown()[pri:0, instance:com.qa.testscripts.TC_ValidateShopCluesLocationField@4fcd19b3]" name="tearDown" is-config="true" duration-ms="1135" started-at="2021-10-31T18:33:51 IST" finished-at="2021-10-31T18:33:52 IST">
          <reporter-output>
          </reporter-output>
        </test-method> <!-- tearDown -->
      </class> <!-- com.qa.testscripts.TC_ValidateShopCluesLocationField -->
    </test> <!-- Functional Testing -->
  </suite> <!-- ShopCluesSuite -->
</testng-results>
